# JRE version: Java(TM) SE Runtime Environment (8.0_25-b17) (build 1.8.0_25-b17)
# Java VM: Java HotSpot(TM) 64-Bit Server VM (25.25-b02 mixed mode bsd-amd64 compressed oops)
Heap:
 PSYoungGen      total 232960K, used 116736K [0x00000007aab00000, 0x00000007c0000000, 0x00000007c0000000)
  eden space 116736K, 100% used [0x00000007aab00000,0x00000007b1d00000,0x00000007b1d00000)
  from space 116224K, 0% used [0x00000007b1d00000,0x00000007b1d00000,0x00000007b8e80000)
  to   space 116224K, 0% used [0x00000007b8e80000,0x00000007b8e80000,0x00000007c0000000)
 ParOldGen       total 699392K, used 699324K [0x0000000780000000, 0x00000007aab00000, 0x00000007aab00000)
  object space 699392K, 99% used [0x0000000780000000,0x00000007aaaef320,0x00000007aab00000)
 Metaspace       used 22948K, capacity 23132K, committed 23680K, reserved 1071104K
  class space    used 2529K, capacity 2566K, committed 2688K, reserved 1048576K
GC Heap History (10 events):
Event: 1754.708 GC heap before
{Heap before GC invocations=980 (full 927):
 PSYoungGen      total 232960K, used 116736K [0x00000007aab00000, 0x00000007c0000000, 0x00000007c0000000)
  eden space 116736K, 100% used [0x00000007aab00000,0x00000007b1d00000,0x00000007b1d00000)
  from space 116224K, 0% used [0x00000007b1d00000,0x00000007b1d00000,0x00000007b8e80000)
  to   space 116224K, 0% used [0x00000007b8e80000,0x00000007b8e80000,0x00000007c0000000)
 ParOldGen       total 699392K, used 699324K [0x0000000780000000, 0x00000007aab00000, 0x00000007aab00000)
  object space 699392K, 99% used [0x0000000780000000,0x00000007aaaef320,0x00000007aab00000)
 Metaspace       used 22948K, capacity 23132K, committed 23680K, reserved 1071104K
  class space    used 2529K, capacity 2566K, committed 2688K, reserved 1048576K
Event: 1756.075 GC heap after
Heap after GC invocations=980 (full 927):
 PSYoungGen      total 232960K, used 116734K [0x00000007aab00000, 0x00000007c0000000, 0x00000007c0000000)
  eden space 116736K, 99% used [0x00000007aab00000,0x00000007b1cffb98,0x00000007b1d00000)
  from space 116224K, 0% used [0x00000007b1d00000,0x00000007b1d00000,0x00000007b8e80000)
  to   space 116224K, 0% used [0x00000007b8e80000,0x00000007b8e80000,0x00000007c0000000)
 ParOldGen       total 699392K, used 699324K [0x0000000780000000, 0x00000007aab00000, 0x00000007aab00000)
  object space 699392K, 99% used [0x0000000780000000,0x00000007aaaef320,0x00000007aab00000)
 Metaspace       used 22948K, capacity 23132K, committed 23680K, reserved 1071104K
  class space    used 2529K, capacity 2566K, committed 2688K, reserved 1048576K
}
Event: 1756.080 GC heap before
{Heap before GC invocations=981 (full 928):
 PSYoungGen      total 232960K, used 116736K [0x00000007aab00000, 0x00000007c0000000, 0x00000007c0000000)
  eden space 116736K, 100% used [0x00000007aab00000,0x00000007b1d00000,0x00000007b1d00000)
  from space 116224K, 0% used [0x00000007b1d00000,0x00000007b1d00000,0x00000007b8e80000)
  to   space 116224K, 0% used [0x00000007b8e80000,0x00000007b8e80000,0x00000007c0000000)
 ParOldGen       total 699392K, used 699324K [0x0000000780000000, 0x00000007aab00000, 0x00000007aab00000)
  object space 699392K, 99% used [0x0000000780000000,0x00000007aaaef320,0x00000007aab00000)
 Metaspace       used 22948K, capacity 23132K, committed 23680K, reserved 1071104K
  class space    used 2529K, capacity 2566K, committed 2688K, reserved 1048576K
Event: 1757.463 GC heap after
Heap after GC invocations=981 (full 928):
 PSYoungGen      total 232960K, used 116735K [0x00000007aab00000, 0x00000007c0000000, 0x00000007c0000000)
  eden space 116736K, 99% used [0x00000007aab00000,0x00000007b1cffd28,0x00000007b1d00000)
  from space 116224K, 0% used [0x00000007b1d00000,0x00000007b1d00000,0x00000007b8e80000)
  to   space 116224K, 0% used [0x00000007b8e80000,0x00000007b8e80000,0x00000007c0000000)
 ParOldGen       total 699392K, used 699324K [0x0000000780000000, 0x00000007aab00000, 0x00000007aab00000)
  object space 699392K, 99% used [0x0000000780000000,0x00000007aaaef320,0x00000007aab00000)
 Metaspace       used 22948K, capacity 23132K, committed 23680K, reserved 1071104K
  class space    used 2529K, capacity 2566K, committed 2688K, reserved 1048576K
}
Event: 1757.467 GC heap before
{Heap before GC invocations=982 (full 929):
 PSYoungGen      total 232960K, used 116736K [0x00000007aab00000, 0x00000007c0000000, 0x00000007c0000000)
  eden space 116736K, 100% used [0x00000007aab00000,0x00000007b1d00000,0x00000007b1d00000)
  from space 116224K, 0% used [0x00000007b1d00000,0x00000007b1d00000,0x00000007b8e80000)
  to   space 116224K, 0% used [0x00000007b8e80000,0x00000007b8e80000,0x00000007c0000000)
 ParOldGen       total 699392K, used 699324K [0x0000000780000000, 0x00000007aab00000, 0x00000007aab00000)
  object space 699392K, 99% used [0x0000000780000000,0x00000007aaaef320,0x00000007aab00000)
 Metaspace       used 22948K, capacity 23132K, committed 23680K, reserved 1071104K
  class space    used 2529K, capacity 2566K, committed 2688K, reserved 1048576K
Event: 1758.820 GC heap after
Heap after GC invocations=982 (full 929):
 PSYoungGen      total 232960K, used 116735K [0x00000007aab00000, 0x00000007c0000000, 0x00000007c0000000)
  eden space 116736K, 99% used [0x00000007aab00000,0x00000007b1cffd68,0x00000007b1d00000)
  from space 116224K, 0% used [0x00000007b1d00000,0x00000007b1d00000,0x00000007b8e80000)
  to   space 116224K, 0% used [0x00000007b8e80000,0x00000007b8e80000,0x00000007c0000000)
 ParOldGen       total 699392K, used 699324K [0x0000000780000000, 0x00000007aab00000, 0x00000007aab00000)
  object space 699392K, 99% used [0x0000000780000000,0x00000007aaaef320,0x00000007aab00000)
 Metaspace       used 22948K, capacity 23132K, committed 23680K, reserved 1071104K
  class space    used 2529K, capacity 2566K, committed 2688K, reserved 1048576K
}
Event: 1758.825 GC heap before
{Heap before GC invocations=983 (full 930):
 PSYoungGen      total 232960K, used 116736K [0x00000007aab00000, 0x00000007c0000000, 0x00000007c0000000)
  eden space 116736K, 100% used [0x00000007aab00000,0x00000007b1d00000,0x00000007b1d00000)
  from space 116224K, 0% used [0x00000007b1d00000,0x00000007b1d00000,0x00000007b8e80000)
  to   space 116224K, 0% used [0x00000007b8e80000,0x00000007b8e80000,0x00000007c0000000)
 ParOldGen       total 699392K, used 699324K [0x0000000780000000, 0x00000007aab00000, 0x00000007aab00000)
  object space 699392K, 99% used [0x0000000780000000,0x00000007aaaef320,0x00000007aab00000)
 Metaspace       used 22948K, capacity 23132K, committed 23680K, reserved 1071104K
  class space    used 2529K, capacity 2566K, committed 2688K, reserved 1048576K
Event: 1760.164 GC heap after
Heap after GC invocations=983 (full 930):
 PSYoungGen      total 232960K, used 116735K [0x00000007aab00000, 0x00000007c0000000, 0x00000007c0000000)
  eden space 116736K, 99% used [0x00000007aab00000,0x00000007b1cffda0,0x00000007b1d00000)
  from space 116224K, 0% used [0x00000007b1d00000,0x00000007b1d00000,0x00000007b8e80000)
  to   space 116224K, 0% used [0x00000007b8e80000,0x00000007b8e80000,0x00000007c0000000)
 ParOldGen       total 699392K, used 699324K [0x0000000780000000, 0x00000007aab00000, 0x00000007aab00000)
  object space 699392K, 99% used [0x0000000780000000,0x00000007aaaef320,0x00000007aab00000)
 Metaspace       used 22948K, capacity 23132K, committed 23680K, reserved 1071104K
  class space    used 2529K, capacity 2566K, committed 2688K, reserved 1048576K
}
Event: 1760.168 GC heap before
{Heap before GC invocations=984 (full 931):
 PSYoungGen      total 232960K, used 116736K [0x00000007aab00000, 0x00000007c0000000, 0x00000007c0000000)
  eden space 116736K, 100% used [0x00000007aab00000,0x00000007b1d00000,0x00000007b1d00000)
  from space 116224K, 0% used [0x00000007b1d00000,0x00000007b1d00000,0x00000007b8e80000)
  to   space 116224K, 0% used [0x00000007b8e80000,0x00000007b8e80000,0x00000007c0000000)
 ParOldGen       total 699392K, used 699324K [0x0000000780000000, 0x00000007aab00000, 0x00000007aab00000)
  object space 699392K, 99% used [0x0000000780000000,0x00000007aaaef320,0x00000007aab00000)
 Metaspace       used 22948K, capacity 23132K, committed 23680K, reserved 1071104K
  class space    used 2529K, capacity 2566K, committed 2688K, reserved 1048576K
Event: 1761.508 GC heap after
Heap after GC invocations=984 (full 931):
 PSYoungGen      total 232960K, used 116735K [0x00000007aab00000, 0x00000007c0000000, 0x00000007c0000000)
  eden space 116736K, 99% used [0x00000007aab00000,0x00000007b1cffdd8,0x00000007b1d00000)
  from space 116224K, 0% used [0x00000007b1d00000,0x00000007b1d00000,0x00000007b8e80000)
  to   space 116224K, 0% used [0x00000007b8e80000,0x00000007b8e80000,0x00000007c0000000)
 ParOldGen       total 699392K, used 699324K [0x0000000780000000, 0x00000007aab00000, 0x00000007aab00000)
  object space 699392K, 99% used [0x0000000780000000,0x00000007aaaef320,0x00000007aab00000)
 Metaspace       used 22948K, capacity 23132K, committed 23680K, reserved 1071104K
  class space    used 2529K, capacity 2566K, committed 2688K, reserved 1048576K
}

